<?xml version="1.0" encoding="UTF-8"?>
<!-- Generated by org.testng.reporters.JUnitXMLReporter -->
<testsuite ignored="8" hostname="tblr-lap-17" failures="0" tests="1" name="Default test" time="10.295" errors="0" timestamp="2024-11-19T16:18:59 IST">
  <testcase classname="com.qa.nael.Tests.DivisionsPageTest" name="verifyListedSistorConcernsTest" time="1.497"/>
  <testcase classname="com.qa.nael.Tests.DivisionsPageTest" name="verifyClickonPrecatFactoryTest" time="0.0">
    <ignored/>
  </testcase> <!-- verifyClickonPrecatFactoryTest -->
  <testcase classname="com.qa.nael.Tests.DivisionsPageTest" name="clickonBottomFactoriesTest" time="0.0">
    <ignored/>
  </testcase> <!-- clickonBottomFactoriesTest -->
  <testcase classname="com.qa.nael.Tests.DivisionsPageTest" name="verifyBottomFactoryforBlockFactoryTest" time="0.0">
    <ignored/>
  </testcase> <!-- verifyBottomFactoryforBlockFactoryTest -->
  <testcase classname="com.qa.nael.Tests.DivisionsPageTest" name="verifyClickonBlockFactoryTest" time="0.0">
    <ignored/>
  </testcase> <!-- verifyClickonBlockFactoryTest -->
  <testcase classname="com.qa.nael.Tests.DivisionsPageTest" name="verifyClickonSisterConcernsTest" time="0.0">
    <ignored/>
  </testcase> <!-- verifyClickonSisterConcernsTest -->
  <testcase classname="com.qa.nael.Tests.DivisionsPageTest" name="clickonBottomFactoryforBlockFactoryTest" time="0.0">
    <ignored/>
  </testcase> <!-- clickonBottomFactoryforBlockFactoryTest -->
  <testcase classname="com.qa.nael.Tests.DivisionsPageTest" name="verifyBottomFactoriesTest" time="0.0">
    <ignored/>
  </testcase> <!-- verifyBottomFactoriesTest -->
  <testcase classname="com.qa.nael.Tests.DivisionsPageTest" name="verifyDivisionsTest" time="0.0">
    <ignored/>
  </testcase> <!-- verifyDivisionsTest -->
</testsuite> <!-- Default test -->
