<?xml version="1.0" encoding="UTF-8"?>
<!-- Generated by org.testng.reporters.JUnitXMLReporter -->
<testsuite ignored="0" hostname="tblr-lap-17" failures="0" tests="3" name="Default test" time="21.405" errors="0" timestamp="2024-11-22T12:01:27 IST">
  <testcase classname="com.qa.nael.Tests.ProductPageTest" name="verifyProductsTest" time="0.718"/>
  <testcase classname="com.qa.nael.Tests.ProductPageTest" name="verifyProductsNameTest" time="0.095"/>
  <testcase classname="com.qa.nael.Tests.ProductPageTest" name="clickontheProductslinkTest" time="16.508"/>
</testsuite> <!-- Default test -->
