<?xml version="1.0" encoding="UTF-8"?>
<testng-results ignored="0" total="3" passed="3" failed="0" skipped="0">
  <reporter-output>
  </reporter-output>
  <suite started-at="2024-11-22T12:01:05 IST" name="Default suite" finished-at="2024-11-22T12:01:27 IST" duration-ms="21405">
    <groups>
    </groups>
    <test started-at="2024-11-22T12:01:05 IST" name="Default test" finished-at="2024-11-22T12:01:27 IST" duration-ms="21405">
      <class name="com.qa.nael.Tests.ProductPageTest">
        <test-method is-config="true" signature="setUp()[pri:0, instance:com.qa.nael.Tests.ProductPageTest@26f7cdf8]" started-at="2024-11-22T12:01:05 IST" name="setUp" finished-at="2024-11-22T12:01:09 IST" duration-ms="3820" status="PASS">
          <reporter-output>
          </reporter-output>
        </test-method> <!-- setUp -->
        <test-method signature="verifyProductsTest()[pri:1, instance:com.qa.nael.Tests.ProductPageTest@26f7cdf8]" started-at="2024-11-22T12:01:09 IST" name="verifyProductsTest" finished-at="2024-11-22T12:01:10 IST" duration-ms="718" status="PASS">
          <reporter-output>
          </reporter-output>
        </test-method> <!-- verifyProductsTest -->
        <test-method signature="verifyProductsNameTest()[pri:2, instance:com.qa.nael.Tests.ProductPageTest@26f7cdf8]" started-at="2024-11-22T12:01:10 IST" name="verifyProductsNameTest" finished-at="2024-11-22T12:01:10 IST" duration-ms="95" status="PASS">
          <reporter-output>
          </reporter-output>
        </test-method> <!-- verifyProductsNameTest -->
        <test-method signature="clickontheProductslinkTest()[pri:3, instance:com.qa.nael.Tests.ProductPageTest@26f7cdf8]" started-at="2024-11-22T12:01:10 IST" name="clickontheProductslinkTest" finished-at="2024-11-22T12:01:27 IST" duration-ms="16508" status="PASS">
          <reporter-output>
          </reporter-output>
        </test-method> <!-- clickontheProductslinkTest -->
        <test-method is-config="true" signature="tearDown()[pri:0, instance:com.qa.nael.Tests.ProductPageTest@26f7cdf8]" started-at="2024-11-22T12:01:27 IST" name="tearDown" finished-at="2024-11-22T12:01:27 IST" duration-ms="85" status="PASS">
          <reporter-output>
          </reporter-output>
        </test-method> <!-- tearDown -->
      </class> <!-- com.qa.nael.Tests.ProductPageTest -->
    </test> <!-- Default test -->
  </suite> <!-- Default suite -->
</testng-results>
